<?xml version="1.0" encoding="UTF-8"?>
<Site BuildName="(empty)"
	BuildStamp="20250512-0437-Experimental"
	Name="(empty)"
	Generator="ctest-3.30.2"
	CompilerName=""
	CompilerVersion=""
	OSName="Windows"
	Hostname="DESKTOP-7OD5CUM"
	OSRelease=" Professional"
	OSVersion=" (Build 22631)"
	OSPlatform="AMD64"
	Is64Bits="1"
	VendorString="AuthenticAMD"
	VendorID="Advanced Micro Devices"
	FamilyID="15"
	ModelID="1"
	ProcessorCacheSize="64"
	NumberOfLogicalCPU="12"
	NumberOfPhysicalCPU="6"
	TotalVirtualMemory="34727"
	TotalPhysicalMemory="32679"
	LogicalProcessorsPerPhysical="2"
	ProcessorClockFrequency="3600"
	>
	<Testing>
		<StartDateTime>May 12 00:18 Pacific Daylight Time</StartDateTime>
		<StartTestTime>1747034327</StartTestTime>
		<TestList/>
		<EndDateTime>May 12 00:18 Pacific Daylight Time</EndDateTime>
		<EndTestTime>1747034327</EndTestTime>
		<ElapsedMinutes>0</ElapsedMinutes>
	</Testing>
</Site>
